# JRE version: OpenJDK Runtime Environment Temurin-21.0.4+7 (21.0.4+7) (build 21.0.4+7-LTS)
# Java VM: OpenJDK 64-Bit Server VM Temurin-21.0.4+7 (21.0.4+7-LTS, mixed mode, sharing, tiered, compressed oops, compressed class ptrs, g1 gc, windows-amd64)
GC Precious Log:
 CardTable entry size: 512
 Card Set container configuration: InlinePtr #cards 4 size 8 Array Of Cards #cards 16 size 48 Howl #buckets 8 coarsen threshold 3686 Howl Bitmap #cards 512 size 80 coarsen threshold 460 Card regions per heap region 1 cards per card region 4096
 CPUs: 16 total, 16 available
 Memory: 15610M
 Large Page Support: Disabled
 NUMA Support: Disabled
 Compressed Oops: Enabled (Zero based)
 Heap Region Size: 2M
 Heap Min Capacity: 8M
 Heap Initial Capacity: 244M
 Heap Max Capacity: 3904M
 Pre-touch: Disabled
 Parallel Workers: 13
 Concurrent Workers: 3
 Concurrent Refinement Workers: 13
 Periodic GC: Disabled
Heap:
 garbage-first heap   total 475136K, used 351644K [0x000000070c000000, 0x0000000800000000)
  region size 2048K, 75 young (153600K), 7 survivors (14336K)
 Metaspace       used 39124K, committed 39616K, reserved 1114112K
  class space    used 5354K, committed 5568K, reserved 1048576K
GC Heap History (20 events):
Event: 3.113 GC heap before
{Heap before GC invocations=8 (full 0):
 garbage-first heap   total 147456K, used 110355K [0x000000070c000000, 0x0000000800000000)
  region size 2048K, 16 young (32768K), 3 survivors (6144K)
 Metaspace       used 35015K, committed 35520K, reserved 1114112K
  class space    used 4978K, committed 5248K, reserved 1048576K
}
Event: 3.115 GC heap after
{Heap after GC invocations=9 (full 0):
 garbage-first heap   total 147456K, used 86969K [0x000000070c000000, 0x0000000800000000)
  region size 2048K, 1 young (2048K), 1 survivors (2048K)
 Metaspace       used 35015K, committed 35520K, reserved 1114112K
  class space    used 4978K, committed 5248K, reserved 1048576K
}
Event: 3.162 GC heap before
{Heap before GC invocations=9 (full 0):
 garbage-first heap   total 147456K, used 125881K [0x000000070c000000, 0x0000000800000000)
  region size 2048K, 21 young (43008K), 1 survivors (2048K)
 Metaspace       used 35066K, committed 35584K, reserved 1114112K
  class space    used 4984K, committed 5248K, reserved 1048576K
}
Event: 3.165 GC heap after
{Heap after GC invocations=10 (full 0):
 garbage-first heap   total 223232K, used 87509K [0x000000070c000000, 0x0000000800000000)
  region size 2048K, 2 young (4096K), 2 survivors (4096K)
 Metaspace       used 35066K, committed 35584K, reserved 1114112K
  class space    used 4984K, committed 5248K, reserved 1048576K
}
Event: 3.290 GC heap before
{Heap before GC invocations=10 (full 0):
 garbage-first heap   total 223232K, used 189909K [0x000000070c000000, 0x0000000800000000)
  region size 2048K, 53 young (108544K), 2 survivors (4096K)
 Metaspace       used 35073K, committed 35584K, reserved 1114112K
  class space    used 4984K, committed 5248K, reserved 1048576K
}
Event: 3.292 GC heap after
{Heap after GC invocations=11 (full 0):
 garbage-first heap   total 223232K, used 90992K [0x000000070c000000, 0x0000000800000000)
  region size 2048K, 3 young (6144K), 3 survivors (6144K)
 Metaspace       used 35073K, committed 35584K, reserved 1114112K
  class space    used 4984K, committed 5248K, reserved 1048576K
}
Event: 3.394 GC heap before
{Heap before GC invocations=11 (full 0):
 garbage-first heap   total 223232K, used 199536K [0x000000070c000000, 0x0000000800000000)
  region size 2048K, 57 young (116736K), 3 survivors (6144K)
 Metaspace       used 35138K, committed 35648K, reserved 1114112K
  class space    used 4992K, committed 5248K, reserved 1048576K
}
Event: 3.397 GC heap after
{Heap after GC invocations=12 (full 0):
 garbage-first heap   total 223232K, used 94470K [0x000000070c000000, 0x0000000800000000)
  region size 2048K, 5 young (10240K), 5 survivors (10240K)
 Metaspace       used 35138K, committed 35648K, reserved 1114112K
  class space    used 4992K, committed 5248K, reserved 1048576K
}
Event: 3.494 GC heap before
{Heap before GC invocations=12 (full 0):
 garbage-first heap   total 223232K, used 196870K [0x000000070c000000, 0x0000000800000000)
  region size 2048K, 56 young (114688K), 5 survivors (10240K)
 Metaspace       used 35162K, committed 35648K, reserved 1114112K
  class space    used 4992K, committed 5248K, reserved 1048576K
}
Event: 3.498 GC heap after
{Heap after GC invocations=13 (full 0):
 garbage-first heap   total 223232K, used 96708K [0x000000070c000000, 0x0000000800000000)
  region size 2048K, 5 young (10240K), 5 survivors (10240K)
 Metaspace       used 35162K, committed 35648K, reserved 1114112K
  class space    used 4992K, committed 5248K, reserved 1048576K
}
Event: 3.743 GC heap before
{Heap before GC invocations=13 (full 0):
 garbage-first heap   total 223232K, used 197060K [0x000000070c000000, 0x0000000800000000)
  region size 2048K, 55 young (112640K), 5 survivors (10240K)
 Metaspace       used 35875K, committed 36352K, reserved 1114112K
  class space    used 5053K, committed 5248K, reserved 1048576K
}
Event: 3.748 GC heap after
{Heap after GC invocations=14 (full 0):
 garbage-first heap   total 286720K, used 100105K [0x000000070c000000, 0x0000000800000000)
  region size 2048K, 6 young (12288K), 6 survivors (12288K)
 Metaspace       used 35875K, committed 36352K, reserved 1114112K
  class space    used 5053K, committed 5248K, reserved 1048576K
}
Event: 3.913 GC heap before
{Heap before GC invocations=14 (full 0):
 garbage-first heap   total 286720K, used 255753K [0x000000070c000000, 0x0000000800000000)
  region size 2048K, 83 young (169984K), 6 survivors (12288K)
 Metaspace       used 35996K, committed 36416K, reserved 1114112K
  class space    used 5061K, committed 5248K, reserved 1048576K
}
Event: 3.921 GC heap after
{Heap after GC invocations=15 (full 0):
 garbage-first heap   total 286720K, used 114811K [0x000000070c000000, 0x0000000800000000)
  region size 2048K, 11 young (22528K), 11 survivors (22528K)
 Metaspace       used 35996K, committed 36416K, reserved 1114112K
  class space    used 5061K, committed 5248K, reserved 1048576K
}
Event: 3.972 GC heap before
{Heap before GC invocations=15 (full 0):
 garbage-first heap   total 286720K, used 243835K [0x000000070c000000, 0x0000000800000000)
  region size 2048K, 75 young (153600K), 11 survivors (22528K)
 Metaspace       used 36002K, committed 36416K, reserved 1114112K
  class space    used 5061K, committed 5248K, reserved 1048576K
}
Event: 3.980 GC heap after
{Heap after GC invocations=16 (full 0):
 garbage-first heap   total 286720K, used 121203K [0x000000070c000000, 0x0000000800000000)
  region size 2048K, 3 young (6144K), 3 survivors (6144K)
 Metaspace       used 36002K, committed 36416K, reserved 1114112K
  class space    used 5061K, committed 5248K, reserved 1048576K
}
Event: 4.049 GC heap before
{Heap before GC invocations=16 (full 0):
 garbage-first heap   total 286720K, used 252275K [0x000000070c000000, 0x0000000800000000)
  region size 2048K, 68 young (139264K), 3 survivors (6144K)
 Metaspace       used 36006K, committed 36480K, reserved 1114112K
  class space    used 5061K, committed 5248K, reserved 1048576K
}
Event: 4.053 GC heap after
{Heap after GC invocations=17 (full 0):
 garbage-first heap   total 286720K, used 124524K [0x000000070c000000, 0x0000000800000000)
  region size 2048K, 5 young (10240K), 5 survivors (10240K)
 Metaspace       used 36006K, committed 36480K, reserved 1114112K
  class space    used 5061K, committed 5248K, reserved 1048576K
}
Event: 4.231 GC heap before
{Heap before GC invocations=17 (full 0):
 garbage-first heap   total 286720K, used 255596K [0x000000070c000000, 0x0000000800000000)
  region size 2048K, 70 young (143360K), 5 survivors (10240K)
 Metaspace       used 36029K, committed 36480K, reserved 1114112K
  class space    used 5062K, committed 5248K, reserved 1048576K
}
Event: 4.235 GC heap after
{Heap after GC invocations=18 (full 0):
 garbage-first heap   total 475136K, used 128412K [0x000000070c000000, 0x0000000800000000)
  region size 2048K, 7 young (14336K), 7 survivors (14336K)
 Metaspace       used 36029K, committed 36480K, reserved 1114112K
  class space    used 5062K, committed 5248K, reserved 1048576K
}

